  wdfpck.cpp
D:\备份文件\游戏\天下2相关资料\风魂引擎源码包\wpp16\wdfpck\wdfpck.cpp(94,9): warning C4996: 'fopen': This function or variable may be unsafe. Consider using fopen_s instead. To disable deprecation, use _CRT_SECURE_NO_WARNINGS. See online help for details.
D:\备份文件\游戏\天下2相关资料\风魂引擎源码包\wpp16\wdfpck\wdfpck.cpp(104,9): warning C4996: 'fopen': This function or variable may be unsafe. Consider using fopen_s instead. To disable deprecation, use _CRT_SECURE_NO_WARNINGS. See online help for details.
D:\备份文件\游戏\天下2相关资料\风魂引擎源码包\wpp16\wdfpck\wdfpck.cpp(114,5): warning C4996: 'strncpy': This function or variable may be unsafe. Consider using strncpy_s instead. To disable deprecation, use _CRT_SECURE_NO_WARNINGS. See online help for details.
D:\备份文件\游戏\天下2相关资料\风魂引擎源码包\wpp16\wdfpck\wdfpck.cpp(185,9): warning C4996: 'fopen': This function or variable may be unsafe. Consider using fopen_s instead. To disable deprecation, use _CRT_SECURE_NO_WARNINGS. See online help for details.
D:\备份文件\游戏\天下2相关资料\风魂引擎源码包\wpp16\wdfpck\wdfpck.cpp(227,9): warning C4996: 'fopen': This function or variable may be unsafe. Consider using fopen_s instead. To disable deprecation, use _CRT_SECURE_NO_WARNINGS. See online help for details.
D:\备份文件\游戏\天下2相关资料\风魂引擎源码包\wpp16\wdfpck\wdfpck.cpp(312,9): warning C4996: 'fopen': This function or variable may be unsafe. Consider using fopen_s instead. To disable deprecation, use _CRT_SECURE_NO_WARNINGS. See online help for details.
D:\备份文件\游戏\天下2相关资料\风魂引擎源码包\wpp16\wdfpck\wdfpck.cpp(362,9): warning C4996: 'fopen': This function or variable may be unsafe. Consider using fopen_s instead. To disable deprecation, use _CRT_SECURE_NO_WARNINGS. See online help for details.
D:\备份文件\游戏\天下2相关资料\风魂引擎源码包\wpp16\wdfpck\wdfpck.cpp(431,9): warning C4996: 'fopen': This function or variable may be unsafe. Consider using fopen_s instead. To disable deprecation, use _CRT_SECURE_NO_WARNINGS. See online help for details.
D:\备份文件\游戏\天下2相关资料\风魂引擎源码包\wpp16\wdfpck\wdfpck.cpp(449,9): warning C4996: 'fopen': This function or variable may be unsafe. Consider using fopen_s instead. To disable deprecation, use _CRT_SECURE_NO_WARNINGS. See online help for details.
D:\备份文件\游戏\天下2相关资料\风魂引擎源码包\wpp16\wdfpck\wdfpck.cpp(489,9): warning C4996: 'fopen': This function or variable may be unsafe. Consider using fopen_s instead. To disable deprecation, use _CRT_SECURE_NO_WARNINGS. See online help for details.
D:\备份文件\游戏\天下2相关资料\风魂引擎源码包\wpp16\wdfpck\wdfpck.cpp(558,9): warning C4996: 'strcpy': This function or variable may be unsafe. Consider using strcpy_s instead. To disable deprecation, use _CRT_SECURE_NO_WARNINGS. See online help for details.
D:\备份文件\游戏\天下2相关资料\风魂引擎源码包\wpp16\wdfpck\wdfpck.cpp(559,9): warning C4996: 'strcpy': This function or variable may be unsafe. Consider using strcpy_s instead. To disable deprecation, use _CRT_SECURE_NO_WARNINGS. See online help for details.
D:\备份文件\游戏\天下2相关资料\风魂引擎源码包\wpp16\wdfpck\wdfpck.cpp(560,9): warning C4996: 'strcat': This function or variable may be unsafe. Consider using strcat_s instead. To disable deprecation, use _CRT_SECURE_NO_WARNINGS. See online help for details.
D:\备份文件\游戏\天下2相关资料\风魂引擎源码包\wpp16\wdfpck\wdfpck.cpp(561,9): warning C4996: 'strcat': This function or variable may be unsafe. Consider using strcat_s instead. To disable deprecation, use _CRT_SECURE_NO_WARNINGS. See online help for details.
D:\备份文件\游戏\天下2相关资料\风魂引擎源码包\wpp16\wdfpck\wdfpck.cpp(582,13): warning C4996: 'strcpy': This function or variable may be unsafe. Consider using strcpy_s instead. To disable deprecation, use _CRT_SECURE_NO_WARNINGS. See online help for details.
D:\备份文件\游戏\天下2相关资料\风魂引擎源码包\wpp16\wdfpck\wdfpck.cpp(583,13): warning C4996: 'strcat': This function or variable may be unsafe. Consider using strcat_s instead. To disable deprecation, use _CRT_SECURE_NO_WARNINGS. See online help for details.
D:\备份文件\游戏\天下2相关资料\风魂引擎源码包\wpp16\wdfpck\wdfpck.cpp(591,13): warning C4996: 'strcat': This function or variable may be unsafe. Consider using strcat_s instead. To disable deprecation, use _CRT_SECURE_NO_WARNINGS. See online help for details.
D:\备份文件\游戏\天下2相关资料\风魂引擎源码包\wpp16\wdfpck\wdfpck.cpp(616,5): warning C4996: 'strcpy': This function or variable may be unsafe. Consider using strcpy_s instead. To disable deprecation, use _CRT_SECURE_NO_WARNINGS. See online help for details.
D:\备份文件\游戏\天下2相关资料\风魂引擎源码包\wpp16\wdfpck\wdfpck.cpp(617,5): warning C4996: 'strcpy': This function or variable may be unsafe. Consider using strcpy_s instead. To disable deprecation, use _CRT_SECURE_NO_WARNINGS. See online help for details.
D:\备份文件\游戏\天下2相关资料\风魂引擎源码包\wpp16\wdfpck\wdfpck.cpp(618,5): warning C4996: 'strcat': This function or variable may be unsafe. Consider using strcat_s instead. To disable deprecation, use _CRT_SECURE_NO_WARNINGS. See online help for details.
D:\备份文件\游戏\天下2相关资料\风魂引擎源码包\wpp16\wdfpck\wdfpck.cpp(619,5): warning C4996: 'strcat': This function or variable may be unsafe. Consider using strcat_s instead. To disable deprecation, use _CRT_SECURE_NO_WARNINGS. See online help for details.
D:\备份文件\游戏\天下2相关资料\风魂引擎源码包\wpp16\wdfpck\wdfpck.cpp(577,14): warning C4996: 'fopen': This function or variable may be unsafe. Consider using fopen_s instead. To disable deprecation, use _CRT_SECURE_NO_WARNINGS. See online help for details.
D:\备份文件\游戏\天下2相关资料\风魂引擎源码包\wpp16\wdfpck\wdfpck.cpp(599,17): warning C4996: 'fopen': This function or variable may be unsafe. Consider using fopen_s instead. To disable deprecation, use _CRT_SECURE_NO_WARNINGS. See online help for details.
  wdfpck.vcxproj -> D:\备份文件\游戏\天下2相关资料\风魂引擎源码包\wpp16\wdfpck\Release\wdfpck.exe
